<?xml version="1.0" encoding="UTF-8"?>
<!-- Generated by org.testng.reporters.JUnitXMLReporter -->
<testsuite hostname="HP" ignored="0" name="Command line test" tests="6" failures="0" timestamp="2021-01-05T17:50:35 IST" time="0.104" errors="0">
  <testcase name="IOSApps" time="0.007" classname="QAClickAcademy.MavenJava.AppiumTest"/>
  <testcase name="NativeAppAndroid" time="0.001" classname="QAClickAcademy.MavenJava.AppiumTest"/>
  <testcase name="deleteTwitter" time="0.001" classname="QAClickAcademy.MavenJava.RestAPITest"/>
  <testcase name="postJIRA" time="0.0" classname="QAClickAcademy.MavenJava.RestAPITest"/>
  <testcase name="BrowserAutomation" time="0.0" classname="QAClickAcademy.MavenJava.SeleniumTest"/>
  <testcase name="elementsUI" time="0.0" classname="QAClickAcademy.MavenJava.SeleniumTest"/>
</testsuite> <!-- Command line test -->
