<?xml version="1.0" encoding="UTF-8"?>
<testsuite xmlns:xsi="http://www.w3.org/2001/XMLSchema-instance" xsi:noNamespaceSchemaLocation="https://maven.apache.org/surefire/maven-surefire-plugin/xsd/surefire-test-report-3.0.xsd" version="3.0" name="TestSuite" time="0.821" tests="6" errors="0" skipped="0" failures="0">
  <properties>
[...]
</properties>
  <testcase name="BrowserAutomation" classname="QAClickAcademy.MavenJava.SeleniumTest" time="0.01">
    <system-out><![CDATA[BrowserAutomation
]]></system-out>
  </testcase>
  <testcase name="elementsUI" classname="QAClickAcademy.MavenJava.SeleniumTest" time="0.004">
    <system-out><![CDATA[elementsUI
]]></system-out>
  </testcase>
  <testcase name="IOSApps" classname="QAClickAcademy.MavenJava.AppiumTest" time="0">
    <system-out><![CDATA[IOSApps
]]></system-out>
  </testcase>
  <testcase name="NativeAppAndroid" classname="QAClickAcademy.MavenJava.AppiumTest" time="0.001">
    <system-out><![CDATA[NativeAppAndroid
]]></system-out>
  </testcase>
  <testcase name="deleteTwitter" classname="QAClickAcademy.MavenJava.RestAPITest" time="0.001">
    <system-out><![CDATA[deleteTwitter
]]></system-out>
  </testcase>
  <testcase name="postJIRA" classname="QAClickAcademy.MavenJava.RestAPITest" time="0">
    <system-out><![CDATA[postJIRA
]]></system-out>
  </testcase>
</testsuite>